Terminals unused in grammar

   INCLUDE


Grammar

    0 $accept: Program $end

    1 Program: ExtDefList

    2 ExtDefList: ExtDef ExtDefList
    3           | %empty

    4 ExtDef: SpecifierTrigger ExtDecList SEMI
    5       | SpecifierTrigger ExtDecList error
    6       | SpecifierTrigger SEMI
    7       | SpecifierTrigger error
    8       | SpecifierTrigger FunDec CompSt

    9 ExtDecList: VarDec
   10           | VarDec COMMA ExtDecList

   11 Specifier: TYPE
   12          | StructSpecifier

   13 StructSpecifier: STRUCT ID LC DefList RC
   14                | STRUCT ID

   15 SpecifierTrigger: Specifier

   16 VarDec: ID
   17       | VarDec LB INT RB

   18 FunDec: FunID LP VarList RP
   19       | FunID LP VarList error
   20       | FunID LP RP
   21       | FunID LP error

   22 FunID: ID

   23 VarList: ParamDec COMMA VarList
   24        | ParamDec

   25 ParamDec: Specifier VarDec

   26 CompSt: LC DefList StmtList RC
   27       | LC error DefList StmtList RC

   28 StmtList: Stmt StmtList
   29         | %empty

   30 Stmt: Exp SEMI
   31     | Exp error
   32     | CompSt
   33     | RETURN Exp SEMI
   34     | RETURN Exp error
   35     | IF LP Exp RP Stmt
   36     | IF LP Exp error Stmt
   37     | IF LP Exp RP Stmt ELSE Stmt
   38     | IF LP Exp error Stmt ELSE Stmt
   39     | WHILE LP Exp RP Stmt
   40     | WHILE LP Exp error Stmt
   41     | FOR LP Def Exp SEMI Exp RP Stmt
   42     | FOR LP Def Exp error Exp RP Stmt
   43     | FOR LP Def Exp error Exp error Stmt
   44     | FOR LP Def Exp SEMI Exp error Stmt

   45 DefList: Def DefList
   46        | %empty

   47 Def: SpecifierTrigger DecList SEMI
   48    | SpecifierTrigger DecList error
   49    | SpecifierTrigger FunDec CompSt

   50 DecList: Dec
   51        | Dec COMMA DecList

   52 Dec: VarDec
   53    | VarDec ASSIGN Exp

   54 Exp: Exp ASSIGN Exp
   55    | Exp AND Exp
   56    | Exp OR Exp
   57    | Exp LT Exp
   58    | Exp LE Exp
   59    | Exp GT Exp
   60    | Exp GE Exp
   61    | Exp NE Exp
   62    | Exp EQ Exp
   63    | Exp PLUS Exp
   64    | Exp MINUS Exp
   65    | Exp MUL Exp
   66    | Exp DIV Exp
   67    | Exp UNKNOW Exp
   68    | LP Exp RP
   69    | LP Exp error
   70    | MINUS Exp
   71    | NOT Exp
   72    | ID LP Args RP
   73    | ID LP Args error
   74    | ID LP RP
   75    | ID LP error
   76    | Exp LB Exp RB
   77    | Exp DOT ID
   78    | ID
   79    | INT
   80    | FLOAT
   81    | CHAR
   82    | UNKNOW

   83 Args: Exp COMMA Args
   84     | Exp


Terminals, with rules where they appear

$end (0) 0
error (256) 5 7 19 21 27 31 34 36 38 40 42 43 44 48 69 73 75
INT (258) 17 79
FLOAT (259) 80
CHAR (260) 81
ID (261) 13 14 16 22 72 73 74 75 77 78
TYPE (262) 11
STRUCT (263) 13 14
IF (264) 35 36 37 38
ELSE (265) 37 38
WHILE (266) 39 40
RETURN (267) 33 34
DOT (268) 77
SEMI (269) 4 6 30 33 41 44 47
COMMA (270) 10 23 51 83
FOR (271) 41 42 43 44
ASSIGN (272) 53 54
LT (273) 57
LE (274) 58
GT (275) 59
GE (276) 60
NE (277) 61
EQ (278) 62
PLUS (279) 63
MINUS (280) 64 70
MUL (281) 65
DIV (282) 66
AND (283) 55
OR (284) 56
NOT (285) 71
LP (286) 18 19 20 21 35 36 37 38 39 40 41 42 43 44 68 69 72 73 74 75
RP (287) 18 20 35 37 39 41 42 68 72 74
LB (288) 17 76
RB (289) 17 76
LC (290) 13 26 27
RC (291) 13 26 27
INCLUDE (292)
UNKNOW (293) 67 82
HIGH_MINUS (294)
LOWER_ELSE (295)


Nonterminals, with rules where they appear

$accept (41)
    on left: 0
Program (42)
    on left: 1, on right: 0
ExtDefList (43)
    on left: 2 3, on right: 1 2
ExtDef (44)
    on left: 4 5 6 7 8, on right: 2
ExtDecList (45)
    on left: 9 10, on right: 4 5 10
Specifier (46)
    on left: 11 12, on right: 15 25
StructSpecifier (47)
    on left: 13 14, on right: 12
SpecifierTrigger (48)
    on left: 15, on right: 4 5 6 7 8 47 48 49
VarDec (49)
    on left: 16 17, on right: 9 10 17 25 52 53
FunDec (50)
    on left: 18 19 20 21, on right: 8 49
FunID (51)
    on left: 22, on right: 18 19 20 21
VarList (52)
    on left: 23 24, on right: 18 19 23
ParamDec (53)
    on left: 25, on right: 23 24
CompSt (54)
    on left: 26 27, on right: 8 32 49
StmtList (55)
    on left: 28 29, on right: 26 27 28
Stmt (56)
    on left: 30 31 32 33 34 35 36 37 38 39 40 41 42 43 44, on right:
    28 35 36 37 38 39 40 41 42 43 44
DefList (57)
    on left: 45 46, on right: 13 26 27 45
Def (58)
    on left: 47 48 49, on right: 41 42 43 44 45
DecList (59)
    on left: 50 51, on right: 47 48 51
Dec (60)
    on left: 52 53, on right: 50 51
Exp (61)
    on left: 54 55 56 57 58 59 60 61 62 63 64 65 66 67 68 69 70 71
    72 73 74 75 76 77 78 79 80 81 82, on right: 30 31 33 34 35 36 37
    38 39 40 41 42 43 44 53 54 55 56 57 58 59 60 61 62 63 64 65 66
    67 68 69 70 71 76 77 83 84
Args (62)
    on left: 83 84, on right: 72 73 83


State 0

    0 $accept: . Program $end

    TYPE    shift, and go to state 1
    STRUCT  shift, and go to state 2

    $default  reduce using rule 3 (ExtDefList)

    Program           go to state 3
    ExtDefList        go to state 4
    ExtDef            go to state 5
    Specifier         go to state 6
    StructSpecifier   go to state 7
    SpecifierTrigger  go to state 8


State 1

   11 Specifier: TYPE .

    $default  reduce using rule 11 (Specifier)


State 2

   13 StructSpecifier: STRUCT . ID LC DefList RC
   14                | STRUCT . ID

    ID  shift, and go to state 9


State 3

    0 $accept: Program . $end

    $end  shift, and go to state 10


State 4

    1 Program: ExtDefList .

    $default  reduce using rule 1 (Program)


State 5

    2 ExtDefList: ExtDef . ExtDefList

    TYPE    shift, and go to state 1
    STRUCT  shift, and go to state 2

    $default  reduce using rule 3 (ExtDefList)

    ExtDefList        go to state 11
    ExtDef            go to state 5
    Specifier         go to state 6
    StructSpecifier   go to state 7
    SpecifierTrigger  go to state 8


State 6

   15 SpecifierTrigger: Specifier .

    $default  reduce using rule 15 (SpecifierTrigger)


State 7

   12 Specifier: StructSpecifier .

    $default  reduce using rule 12 (Specifier)


State 8

    4 ExtDef: SpecifierTrigger . ExtDecList SEMI
    5       | SpecifierTrigger . ExtDecList error
    6       | SpecifierTrigger . SEMI
    7       | SpecifierTrigger . error
    8       | SpecifierTrigger . FunDec CompSt

    error  shift, and go to state 12
    ID     shift, and go to state 13
    SEMI   shift, and go to state 14

    ExtDecList  go to state 15
    VarDec      go to state 16
    FunDec      go to state 17
    FunID       go to state 18


State 9

   13 StructSpecifier: STRUCT ID . LC DefList RC
   14                | STRUCT ID .

    LC  shift, and go to state 19

    $default  reduce using rule 14 (StructSpecifier)


State 10

    0 $accept: Program $end .

    $default  accept


State 11

    2 ExtDefList: ExtDef ExtDefList .

    $default  reduce using rule 2 (ExtDefList)


State 12

    7 ExtDef: SpecifierTrigger error .

    $default  reduce using rule 7 (ExtDef)


State 13

   16 VarDec: ID .
   22 FunID: ID .

    LP        reduce using rule 22 (FunID)
    $default  reduce using rule 16 (VarDec)


State 14

    6 ExtDef: SpecifierTrigger SEMI .

    $default  reduce using rule 6 (ExtDef)


State 15

    4 ExtDef: SpecifierTrigger ExtDecList . SEMI
    5       | SpecifierTrigger ExtDecList . error

    error  shift, and go to state 20
    SEMI   shift, and go to state 21


State 16

    9 ExtDecList: VarDec .
   10           | VarDec . COMMA ExtDecList
   17 VarDec: VarDec . LB INT RB

    COMMA  shift, and go to state 22
    LB     shift, and go to state 23

    $default  reduce using rule 9 (ExtDecList)


State 17

    8 ExtDef: SpecifierTrigger FunDec . CompSt

    LC  shift, and go to state 24

    CompSt  go to state 25


State 18

   18 FunDec: FunID . LP VarList RP
   19       | FunID . LP VarList error
   20       | FunID . LP RP
   21       | FunID . LP error

    LP  shift, and go to state 26


State 19

   13 StructSpecifier: STRUCT ID LC . DefList RC

    TYPE    shift, and go to state 1
    STRUCT  shift, and go to state 2

    $default  reduce using rule 46 (DefList)

    Specifier         go to state 6
    StructSpecifier   go to state 7
    SpecifierTrigger  go to state 27
    DefList           go to state 28
    Def               go to state 29


State 20

    5 ExtDef: SpecifierTrigger ExtDecList error .

    $default  reduce using rule 5 (ExtDef)


State 21

    4 ExtDef: SpecifierTrigger ExtDecList SEMI .

    $default  reduce using rule 4 (ExtDef)


State 22

   10 ExtDecList: VarDec COMMA . ExtDecList

    ID  shift, and go to state 30

    ExtDecList  go to state 31
    VarDec      go to state 16


State 23

   17 VarDec: VarDec LB . INT RB

    INT  shift, and go to state 32


State 24

   26 CompSt: LC . DefList StmtList RC
   27       | LC . error DefList StmtList RC

    error   shift, and go to state 33
    TYPE    shift, and go to state 1
    STRUCT  shift, and go to state 2

    INT     reduce using rule 46 (DefList)
    FLOAT   reduce using rule 46 (DefList)
    CHAR    reduce using rule 46 (DefList)
    ID      reduce using rule 46 (DefList)
    IF      reduce using rule 46 (DefList)
    WHILE   reduce using rule 46 (DefList)
    RETURN  reduce using rule 46 (DefList)
    FOR     reduce using rule 46 (DefList)
    MINUS   reduce using rule 46 (DefList)
    NOT     reduce using rule 46 (DefList)
    LP      reduce using rule 46 (DefList)
    LC      reduce using rule 46 (DefList)
    RC      reduce using rule 46 (DefList)
    UNKNOW  reduce using rule 46 (DefList)

    Specifier         go to state 6
    StructSpecifier   go to state 7
    SpecifierTrigger  go to state 27
    DefList           go to state 34
    Def               go to state 29


State 25

    8 ExtDef: SpecifierTrigger FunDec CompSt .

    $default  reduce using rule 8 (ExtDef)


State 26

   18 FunDec: FunID LP . VarList RP
   19       | FunID LP . VarList error
   20       | FunID LP . RP
   21       | FunID LP . error

    error   shift, and go to state 35
    TYPE    shift, and go to state 1
    STRUCT  shift, and go to state 2
    RP      shift, and go to state 36

    Specifier        go to state 37
    StructSpecifier  go to state 7
    VarList          go to state 38
    ParamDec         go to state 39


State 27

   47 Def: SpecifierTrigger . DecList SEMI
   48    | SpecifierTrigger . DecList error
   49    | SpecifierTrigger . FunDec CompSt

    ID  shift, and go to state 13

    VarDec   go to state 40
    FunDec   go to state 41
    FunID    go to state 18
    DecList  go to state 42
    Dec      go to state 43


State 28

   13 StructSpecifier: STRUCT ID LC DefList . RC

    RC  shift, and go to state 44


State 29

   45 DefList: Def . DefList

    TYPE    shift, and go to state 1
    STRUCT  shift, and go to state 2

    $default  reduce using rule 46 (DefList)

    Specifier         go to state 6
    StructSpecifier   go to state 7
    SpecifierTrigger  go to state 27
    DefList           go to state 45
    Def               go to state 29


State 30

   16 VarDec: ID .

    $default  reduce using rule 16 (VarDec)


State 31

   10 ExtDecList: VarDec COMMA ExtDecList .

    $default  reduce using rule 10 (ExtDecList)


State 32

   17 VarDec: VarDec LB INT . RB

    RB  shift, and go to state 46


State 33

   27 CompSt: LC error . DefList StmtList RC

    TYPE    shift, and go to state 1
    STRUCT  shift, and go to state 2

    $default  reduce using rule 46 (DefList)

    Specifier         go to state 6
    StructSpecifier   go to state 7
    SpecifierTrigger  go to state 27
    DefList           go to state 47
    Def               go to state 29


State 34

   26 CompSt: LC DefList . StmtList RC

    INT     shift, and go to state 48
    FLOAT   shift, and go to state 49
    CHAR    shift, and go to state 50
    ID      shift, and go to state 51
    IF      shift, and go to state 52
    WHILE   shift, and go to state 53
    RETURN  shift, and go to state 54
    FOR     shift, and go to state 55
    MINUS   shift, and go to state 56
    NOT     shift, and go to state 57
    LP      shift, and go to state 58
    LC      shift, and go to state 24
    UNKNOW  shift, and go to state 59

    $default  reduce using rule 29 (StmtList)

    CompSt    go to state 60
    StmtList  go to state 61
    Stmt      go to state 62
    Exp       go to state 63


State 35

   21 FunDec: FunID LP error .

    $default  reduce using rule 21 (FunDec)


State 36

   20 FunDec: FunID LP RP .

    $default  reduce using rule 20 (FunDec)


State 37

   25 ParamDec: Specifier . VarDec

    ID  shift, and go to state 30

    VarDec  go to state 64


State 38

   18 FunDec: FunID LP VarList . RP
   19       | FunID LP VarList . error

    error  shift, and go to state 65
    RP     shift, and go to state 66


State 39

   23 VarList: ParamDec . COMMA VarList
   24        | ParamDec .

    COMMA  shift, and go to state 67

    $default  reduce using rule 24 (VarList)


State 40

   17 VarDec: VarDec . LB INT RB
   52 Dec: VarDec .
   53    | VarDec . ASSIGN Exp

    ASSIGN  shift, and go to state 68
    LB      shift, and go to state 23

    $default  reduce using rule 52 (Dec)


State 41

   49 Def: SpecifierTrigger FunDec . CompSt

    LC  shift, and go to state 24

    CompSt  go to state 69


State 42

   47 Def: SpecifierTrigger DecList . SEMI
   48    | SpecifierTrigger DecList . error

    error  shift, and go to state 70
    SEMI   shift, and go to state 71


State 43

   50 DecList: Dec .
   51        | Dec . COMMA DecList

    COMMA  shift, and go to state 72

    $default  reduce using rule 50 (DecList)


State 44

   13 StructSpecifier: STRUCT ID LC DefList RC .

    $default  reduce using rule 13 (StructSpecifier)


State 45

   45 DefList: Def DefList .

    $default  reduce using rule 45 (DefList)


State 46

   17 VarDec: VarDec LB INT RB .

    $default  reduce using rule 17 (VarDec)


State 47

   27 CompSt: LC error DefList . StmtList RC

    INT     shift, and go to state 48
    FLOAT   shift, and go to state 49
    CHAR    shift, and go to state 50
    ID      shift, and go to state 51
    IF      shift, and go to state 52
    WHILE   shift, and go to state 53
    RETURN  shift, and go to state 54
    FOR     shift, and go to state 55
    MINUS   shift, and go to state 56
    NOT     shift, and go to state 57
    LP      shift, and go to state 58
    LC      shift, and go to state 24
    UNKNOW  shift, and go to state 59

    $default  reduce using rule 29 (StmtList)

    CompSt    go to state 60
    StmtList  go to state 73
    Stmt      go to state 62
    Exp       go to state 63


State 48

   79 Exp: INT .

    $default  reduce using rule 79 (Exp)


State 49

   80 Exp: FLOAT .

    $default  reduce using rule 80 (Exp)


State 50

   81 Exp: CHAR .

    $default  reduce using rule 81 (Exp)


State 51

   72 Exp: ID . LP Args RP
   73    | ID . LP Args error
   74    | ID . LP RP
   75    | ID . LP error
   78    | ID .

    LP  shift, and go to state 74

    $default  reduce using rule 78 (Exp)


State 52

   35 Stmt: IF . LP Exp RP Stmt
   36     | IF . LP Exp error Stmt
   37     | IF . LP Exp RP Stmt ELSE Stmt
   38     | IF . LP Exp error Stmt ELSE Stmt

    LP  shift, and go to state 75


State 53

   39 Stmt: WHILE . LP Exp RP Stmt
   40     | WHILE . LP Exp error Stmt

    LP  shift, and go to state 76


State 54

   33 Stmt: RETURN . Exp SEMI
   34     | RETURN . Exp error

    INT     shift, and go to state 48
    FLOAT   shift, and go to state 49
    CHAR    shift, and go to state 50
    ID      shift, and go to state 51
    MINUS   shift, and go to state 56
    NOT     shift, and go to state 57
    LP      shift, and go to state 58
    UNKNOW  shift, and go to state 59

    Exp  go to state 77


State 55

   41 Stmt: FOR . LP Def Exp SEMI Exp RP Stmt
   42     | FOR . LP Def Exp error Exp RP Stmt
   43     | FOR . LP Def Exp error Exp error Stmt
   44     | FOR . LP Def Exp SEMI Exp error Stmt

    LP  shift, and go to state 78


State 56

   70 Exp: MINUS . Exp

    INT     shift, and go to state 48
    FLOAT   shift, and go to state 49
    CHAR    shift, and go to state 50
    ID      shift, and go to state 51
    MINUS   shift, and go to state 56
    NOT     shift, and go to state 57
    LP      shift, and go to state 58
    UNKNOW  shift, and go to state 59

    Exp  go to state 79


State 57

   71 Exp: NOT . Exp

    INT     shift, and go to state 48
    FLOAT   shift, and go to state 49
    CHAR    shift, and go to state 50
    ID      shift, and go to state 51
    MINUS   shift, and go to state 56
    NOT     shift, and go to state 57
    LP      shift, and go to state 58
    UNKNOW  shift, and go to state 59

    Exp  go to state 80


State 58

   68 Exp: LP . Exp RP
   69    | LP . Exp error

    INT     shift, and go to state 48
    FLOAT   shift, and go to state 49
    CHAR    shift, and go to state 50
    ID      shift, and go to state 51
    MINUS   shift, and go to state 56
    NOT     shift, and go to state 57
    LP      shift, and go to state 58
    UNKNOW  shift, and go to state 59

    Exp  go to state 81


State 59

   82 Exp: UNKNOW .

    $default  reduce using rule 82 (Exp)


State 60

   32 Stmt: CompSt .

    $default  reduce using rule 32 (Stmt)


State 61

   26 CompSt: LC DefList StmtList . RC

    RC  shift, and go to state 82


State 62

   28 StmtList: Stmt . StmtList

    INT     shift, and go to state 48
    FLOAT   shift, and go to state 49
    CHAR    shift, and go to state 50
    ID      shift, and go to state 51
    IF      shift, and go to state 52
    WHILE   shift, and go to state 53
    RETURN  shift, and go to state 54
    FOR     shift, and go to state 55
    MINUS   shift, and go to state 56
    NOT     shift, and go to state 57
    LP      shift, and go to state 58
    LC      shift, and go to state 24
    UNKNOW  shift, and go to state 59

    $default  reduce using rule 29 (StmtList)

    CompSt    go to state 60
    StmtList  go to state 83
    Stmt      go to state 62
    Exp       go to state 63


State 63

   30 Stmt: Exp . SEMI
   31     | Exp . error
   54 Exp: Exp . ASSIGN Exp
   55    | Exp . AND Exp
   56    | Exp . OR Exp
   57    | Exp . LT Exp
   58    | Exp . LE Exp
   59    | Exp . GT Exp
   60    | Exp . GE Exp
   61    | Exp . NE Exp
   62    | Exp . EQ Exp
   63    | Exp . PLUS Exp
   64    | Exp . MINUS Exp
   65    | Exp . MUL Exp
   66    | Exp . DIV Exp
   67    | Exp . UNKNOW Exp
   76    | Exp . LB Exp RB
   77    | Exp . DOT ID

    error   shift, and go to state 84
    DOT     shift, and go to state 85
    SEMI    shift, and go to state 86
    ASSIGN  shift, and go to state 87
    LT      shift, and go to state 88
    LE      shift, and go to state 89
    GT      shift, and go to state 90
    GE      shift, and go to state 91
    NE      shift, and go to state 92
    EQ      shift, and go to state 93
    PLUS    shift, and go to state 94
    MINUS   shift, and go to state 95
    MUL     shift, and go to state 96
    DIV     shift, and go to state 97
    AND     shift, and go to state 98
    OR      shift, and go to state 99
    LB      shift, and go to state 100
    UNKNOW  shift, and go to state 101


State 64

   17 VarDec: VarDec . LB INT RB
   25 ParamDec: Specifier VarDec .

    LB  shift, and go to state 23

    $default  reduce using rule 25 (ParamDec)


State 65

   19 FunDec: FunID LP VarList error .

    $default  reduce using rule 19 (FunDec)


State 66

   18 FunDec: FunID LP VarList RP .

    $default  reduce using rule 18 (FunDec)


State 67

   23 VarList: ParamDec COMMA . VarList

    TYPE    shift, and go to state 1
    STRUCT  shift, and go to state 2

    Specifier        go to state 37
    StructSpecifier  go to state 7
    VarList          go to state 102
    ParamDec         go to state 39


State 68

   53 Dec: VarDec ASSIGN . Exp

    INT     shift, and go to state 48
    FLOAT   shift, and go to state 49
    CHAR    shift, and go to state 50
    ID      shift, and go to state 51
    MINUS   shift, and go to state 56
    NOT     shift, and go to state 57
    LP      shift, and go to state 58
    UNKNOW  shift, and go to state 59

    Exp  go to state 103


State 69

   49 Def: SpecifierTrigger FunDec CompSt .

    $default  reduce using rule 49 (Def)


State 70

   48 Def: SpecifierTrigger DecList error .

    $default  reduce using rule 48 (Def)


State 71

   47 Def: SpecifierTrigger DecList SEMI .

    $default  reduce using rule 47 (Def)


State 72

   51 DecList: Dec COMMA . DecList

    ID  shift, and go to state 30

    VarDec   go to state 40
    DecList  go to state 104
    Dec      go to state 43


State 73

   27 CompSt: LC error DefList StmtList . RC

    RC  shift, and go to state 105


State 74

   72 Exp: ID LP . Args RP
   73    | ID LP . Args error
   74    | ID LP . RP
   75    | ID LP . error

    error   shift, and go to state 106
    INT     shift, and go to state 48
    FLOAT   shift, and go to state 49
    CHAR    shift, and go to state 50
    ID      shift, and go to state 51
    MINUS   shift, and go to state 56
    NOT     shift, and go to state 57
    LP      shift, and go to state 58
    RP      shift, and go to state 107
    UNKNOW  shift, and go to state 59

    Exp   go to state 108
    Args  go to state 109


State 75

   35 Stmt: IF LP . Exp RP Stmt
   36     | IF LP . Exp error Stmt
   37     | IF LP . Exp RP Stmt ELSE Stmt
   38     | IF LP . Exp error Stmt ELSE Stmt

    INT     shift, and go to state 48
    FLOAT   shift, and go to state 49
    CHAR    shift, and go to state 50
    ID      shift, and go to state 51
    MINUS   shift, and go to state 56
    NOT     shift, and go to state 57
    LP      shift, and go to state 58
    UNKNOW  shift, and go to state 59

    Exp  go to state 110


State 76

   39 Stmt: WHILE LP . Exp RP Stmt
   40     | WHILE LP . Exp error Stmt

    INT     shift, and go to state 48
    FLOAT   shift, and go to state 49
    CHAR    shift, and go to state 50
    ID      shift, and go to state 51
    MINUS   shift, and go to state 56
    NOT     shift, and go to state 57
    LP      shift, and go to state 58
    UNKNOW  shift, and go to state 59

    Exp  go to state 111


State 77

   33 Stmt: RETURN Exp . SEMI
   34     | RETURN Exp . error
   54 Exp: Exp . ASSIGN Exp
   55    | Exp . AND Exp
   56    | Exp . OR Exp
   57    | Exp . LT Exp
   58    | Exp . LE Exp
   59    | Exp . GT Exp
   60    | Exp . GE Exp
   61    | Exp . NE Exp
   62    | Exp . EQ Exp
   63    | Exp . PLUS Exp
   64    | Exp . MINUS Exp
   65    | Exp . MUL Exp
   66    | Exp . DIV Exp
   67    | Exp . UNKNOW Exp
   76    | Exp . LB Exp RB
   77    | Exp . DOT ID

    error   shift, and go to state 112
    DOT     shift, and go to state 85
    SEMI    shift, and go to state 113
    ASSIGN  shift, and go to state 87
    LT      shift, and go to state 88
    LE      shift, and go to state 89
    GT      shift, and go to state 90
    GE      shift, and go to state 91
    NE      shift, and go to state 92
    EQ      shift, and go to state 93
    PLUS    shift, and go to state 94
    MINUS   shift, and go to state 95
    MUL     shift, and go to state 96
    DIV     shift, and go to state 97
    AND     shift, and go to state 98
    OR      shift, and go to state 99
    LB      shift, and go to state 100
    UNKNOW  shift, and go to state 101


State 78

   41 Stmt: FOR LP . Def Exp SEMI Exp RP Stmt
   42     | FOR LP . Def Exp error Exp RP Stmt
   43     | FOR LP . Def Exp error Exp error Stmt
   44     | FOR LP . Def Exp SEMI Exp error Stmt

    TYPE    shift, and go to state 1
    STRUCT  shift, and go to state 2

    Specifier         go to state 6
    StructSpecifier   go to state 7
    SpecifierTrigger  go to state 27
    Def               go to state 114


State 79

   54 Exp: Exp . ASSIGN Exp
   55    | Exp . AND Exp
   56    | Exp . OR Exp
   57    | Exp . LT Exp
   58    | Exp . LE Exp
   59    | Exp . GT Exp
   60    | Exp . GE Exp
   61    | Exp . NE Exp
   62    | Exp . EQ Exp
   63    | Exp . PLUS Exp
   64    | Exp . MINUS Exp
   65    | Exp . MUL Exp
   66    | Exp . DIV Exp
   67    | Exp . UNKNOW Exp
   70    | MINUS Exp .
   76    | Exp . LB Exp RB
   77    | Exp . DOT ID

    DOT     shift, and go to state 85
    LB      shift, and go to state 100
    UNKNOW  shift, and go to state 101

    $default  reduce using rule 70 (Exp)


State 80

   54 Exp: Exp . ASSIGN Exp
   55    | Exp . AND Exp
   56    | Exp . OR Exp
   57    | Exp . LT Exp
   58    | Exp . LE Exp
   59    | Exp . GT Exp
   60    | Exp . GE Exp
   61    | Exp . NE Exp
   62    | Exp . EQ Exp
   63    | Exp . PLUS Exp
   64    | Exp . MINUS Exp
   65    | Exp . MUL Exp
   66    | Exp . DIV Exp
   67    | Exp . UNKNOW Exp
   71    | NOT Exp .
   76    | Exp . LB Exp RB
   77    | Exp . DOT ID

    DOT     shift, and go to state 85
    LB      shift, and go to state 100
    UNKNOW  shift, and go to state 101

    $default  reduce using rule 71 (Exp)


State 81

   54 Exp: Exp . ASSIGN Exp
   55    | Exp . AND Exp
   56    | Exp . OR Exp
   57    | Exp . LT Exp
   58    | Exp . LE Exp
   59    | Exp . GT Exp
   60    | Exp . GE Exp
   61    | Exp . NE Exp
   62    | Exp . EQ Exp
   63    | Exp . PLUS Exp
   64    | Exp . MINUS Exp
   65    | Exp . MUL Exp
   66    | Exp . DIV Exp
   67    | Exp . UNKNOW Exp
   68    | LP Exp . RP
   69    | LP Exp . error
   76    | Exp . LB Exp RB
   77    | Exp . DOT ID

    error   shift, and go to state 115
    DOT     shift, and go to state 85
    ASSIGN  shift, and go to state 87
    LT      shift, and go to state 88
    LE      shift, and go to state 89
    GT      shift, and go to state 90
    GE      shift, and go to state 91
    NE      shift, and go to state 92
    EQ      shift, and go to state 93
    PLUS    shift, and go to state 94
    MINUS   shift, and go to state 95
    MUL     shift, and go to state 96
    DIV     shift, and go to state 97
    AND     shift, and go to state 98
    OR      shift, and go to state 99
    RP      shift, and go to state 116
    LB      shift, and go to state 100
    UNKNOW  shift, and go to state 101


State 82

   26 CompSt: LC DefList StmtList RC .

    $default  reduce using rule 26 (CompSt)


State 83

   28 StmtList: Stmt StmtList .

    $default  reduce using rule 28 (StmtList)


State 84

   31 Stmt: Exp error .

    $default  reduce using rule 31 (Stmt)


State 85

   77 Exp: Exp DOT . ID

    ID  shift, and go to state 117


State 86

   30 Stmt: Exp SEMI .

    $default  reduce using rule 30 (Stmt)


State 87

   54 Exp: Exp ASSIGN . Exp

    INT     shift, and go to state 48
    FLOAT   shift, and go to state 49
    CHAR    shift, and go to state 50
    ID      shift, and go to state 51
    MINUS   shift, and go to state 56
    NOT     shift, and go to state 57
    LP      shift, and go to state 58
    UNKNOW  shift, and go to state 59

    Exp  go to state 118


State 88

   57 Exp: Exp LT . Exp

    INT     shift, and go to state 48
    FLOAT   shift, and go to state 49
    CHAR    shift, and go to state 50
    ID      shift, and go to state 51
    MINUS   shift, and go to state 56
    NOT     shift, and go to state 57
    LP      shift, and go to state 58
    UNKNOW  shift, and go to state 59

    Exp  go to state 119


State 89

   58 Exp: Exp LE . Exp

    INT     shift, and go to state 48
    FLOAT   shift, and go to state 49
    CHAR    shift, and go to state 50
    ID      shift, and go to state 51
    MINUS   shift, and go to state 56
    NOT     shift, and go to state 57
    LP      shift, and go to state 58
    UNKNOW  shift, and go to state 59

    Exp  go to state 120


State 90

   59 Exp: Exp GT . Exp

    INT     shift, and go to state 48
    FLOAT   shift, and go to state 49
    CHAR    shift, and go to state 50
    ID      shift, and go to state 51
    MINUS   shift, and go to state 56
    NOT     shift, and go to state 57
    LP      shift, and go to state 58
    UNKNOW  shift, and go to state 59

    Exp  go to state 121


State 91

   60 Exp: Exp GE . Exp

    INT     shift, and go to state 48
    FLOAT   shift, and go to state 49
    CHAR    shift, and go to state 50
    ID      shift, and go to state 51
    MINUS   shift, and go to state 56
    NOT     shift, and go to state 57
    LP      shift, and go to state 58
    UNKNOW  shift, and go to state 59

    Exp  go to state 122


State 92

   61 Exp: Exp NE . Exp

    INT     shift, and go to state 48
    FLOAT   shift, and go to state 49
    CHAR    shift, and go to state 50
    ID      shift, and go to state 51
    MINUS   shift, and go to state 56
    NOT     shift, and go to state 57
    LP      shift, and go to state 58
    UNKNOW  shift, and go to state 59

    Exp  go to state 123


State 93

   62 Exp: Exp EQ . Exp

    INT     shift, and go to state 48
    FLOAT   shift, and go to state 49
    CHAR    shift, and go to state 50
    ID      shift, and go to state 51
    MINUS   shift, and go to state 56
    NOT     shift, and go to state 57
    LP      shift, and go to state 58
    UNKNOW  shift, and go to state 59

    Exp  go to state 124


State 94

   63 Exp: Exp PLUS . Exp

    INT     shift, and go to state 48
    FLOAT   shift, and go to state 49
    CHAR    shift, and go to state 50
    ID      shift, and go to state 51
    MINUS   shift, and go to state 56
    NOT     shift, and go to state 57
    LP      shift, and go to state 58
    UNKNOW  shift, and go to state 59

    Exp  go to state 125


State 95

   64 Exp: Exp MINUS . Exp

    INT     shift, and go to state 48
    FLOAT   shift, and go to state 49
    CHAR    shift, and go to state 50
    ID      shift, and go to state 51
    MINUS   shift, and go to state 56
    NOT     shift, and go to state 57
    LP      shift, and go to state 58
    UNKNOW  shift, and go to state 59

    Exp  go to state 126


State 96

   65 Exp: Exp MUL . Exp

    INT     shift, and go to state 48
    FLOAT   shift, and go to state 49
    CHAR    shift, and go to state 50
    ID      shift, and go to state 51
    MINUS   shift, and go to state 56
    NOT     shift, and go to state 57
    LP      shift, and go to state 58
    UNKNOW  shift, and go to state 59

    Exp  go to state 127


State 97

   66 Exp: Exp DIV . Exp

    INT     shift, and go to state 48
    FLOAT   shift, and go to state 49
    CHAR    shift, and go to state 50
    ID      shift, and go to state 51
    MINUS   shift, and go to state 56
    NOT     shift, and go to state 57
    LP      shift, and go to state 58
    UNKNOW  shift, and go to state 59

    Exp  go to state 128


State 98

   55 Exp: Exp AND . Exp

    INT     shift, and go to state 48
    FLOAT   shift, and go to state 49
    CHAR    shift, and go to state 50
    ID      shift, and go to state 51
    MINUS   shift, and go to state 56
    NOT     shift, and go to state 57
    LP      shift, and go to state 58
    UNKNOW  shift, and go to state 59

    Exp  go to state 129


State 99

   56 Exp: Exp OR . Exp

    INT     shift, and go to state 48
    FLOAT   shift, and go to state 49
    CHAR    shift, and go to state 50
    ID      shift, and go to state 51
    MINUS   shift, and go to state 56
    NOT     shift, and go to state 57
    LP      shift, and go to state 58
    UNKNOW  shift, and go to state 59

    Exp  go to state 130


State 100

   76 Exp: Exp LB . Exp RB

    INT     shift, and go to state 48
    FLOAT   shift, and go to state 49
    CHAR    shift, and go to state 50
    ID      shift, and go to state 51
    MINUS   shift, and go to state 56
    NOT     shift, and go to state 57
    LP      shift, and go to state 58
    UNKNOW  shift, and go to state 59

    Exp  go to state 131


State 101

   67 Exp: Exp UNKNOW . Exp

    INT     shift, and go to state 48
    FLOAT   shift, and go to state 49
    CHAR    shift, and go to state 50
    ID      shift, and go to state 51
    MINUS   shift, and go to state 56
    NOT     shift, and go to state 57
    LP      shift, and go to state 58
    UNKNOW  shift, and go to state 59

    Exp  go to state 132


State 102

   23 VarList: ParamDec COMMA VarList .

    $default  reduce using rule 23 (VarList)


State 103

   53 Dec: VarDec ASSIGN Exp .
   54 Exp: Exp . ASSIGN Exp
   55    | Exp . AND Exp
   56    | Exp . OR Exp
   57    | Exp . LT Exp
   58    | Exp . LE Exp
   59    | Exp . GT Exp
   60    | Exp . GE Exp
   61    | Exp . NE Exp
   62    | Exp . EQ Exp
   63    | Exp . PLUS Exp
   64    | Exp . MINUS Exp
   65    | Exp . MUL Exp
   66    | Exp . DIV Exp
   67    | Exp . UNKNOW Exp
   76    | Exp . LB Exp RB
   77    | Exp . DOT ID

    DOT     shift, and go to state 85
    ASSIGN  shift, and go to state 87
    LT      shift, and go to state 88
    LE      shift, and go to state 89
    GT      shift, and go to state 90
    GE      shift, and go to state 91
    NE      shift, and go to state 92
    EQ      shift, and go to state 93
    PLUS    shift, and go to state 94
    MINUS   shift, and go to state 95
    MUL     shift, and go to state 96
    DIV     shift, and go to state 97
    AND     shift, and go to state 98
    OR      shift, and go to state 99
    LB      shift, and go to state 100
    UNKNOW  shift, and go to state 101

    $default  reduce using rule 53 (Dec)


State 104

   51 DecList: Dec COMMA DecList .

    $default  reduce using rule 51 (DecList)


State 105

   27 CompSt: LC error DefList StmtList RC .

    $default  reduce using rule 27 (CompSt)


State 106

   75 Exp: ID LP error .

    $default  reduce using rule 75 (Exp)


State 107

   74 Exp: ID LP RP .

    $default  reduce using rule 74 (Exp)


State 108

   54 Exp: Exp . ASSIGN Exp
   55    | Exp . AND Exp
   56    | Exp . OR Exp
   57    | Exp . LT Exp
   58    | Exp . LE Exp
   59    | Exp . GT Exp
   60    | Exp . GE Exp
   61    | Exp . NE Exp
   62    | Exp . EQ Exp
   63    | Exp . PLUS Exp
   64    | Exp . MINUS Exp
   65    | Exp . MUL Exp
   66    | Exp . DIV Exp
   67    | Exp . UNKNOW Exp
   76    | Exp . LB Exp RB
   77    | Exp . DOT ID
   83 Args: Exp . COMMA Args
   84     | Exp .

    DOT     shift, and go to state 85
    COMMA   shift, and go to state 133
    ASSIGN  shift, and go to state 87
    LT      shift, and go to state 88
    LE      shift, and go to state 89
    GT      shift, and go to state 90
    GE      shift, and go to state 91
    NE      shift, and go to state 92
    EQ      shift, and go to state 93
    PLUS    shift, and go to state 94
    MINUS   shift, and go to state 95
    MUL     shift, and go to state 96
    DIV     shift, and go to state 97
    AND     shift, and go to state 98
    OR      shift, and go to state 99
    LB      shift, and go to state 100
    UNKNOW  shift, and go to state 101

    $default  reduce using rule 84 (Args)


State 109

   72 Exp: ID LP Args . RP
   73    | ID LP Args . error

    error  shift, and go to state 134
    RP     shift, and go to state 135


State 110

   35 Stmt: IF LP Exp . RP Stmt
   36     | IF LP Exp . error Stmt
   37     | IF LP Exp . RP Stmt ELSE Stmt
   38     | IF LP Exp . error Stmt ELSE Stmt
   54 Exp: Exp . ASSIGN Exp
   55    | Exp . AND Exp
   56    | Exp . OR Exp
   57    | Exp . LT Exp
   58    | Exp . LE Exp
   59    | Exp . GT Exp
   60    | Exp . GE Exp
   61    | Exp . NE Exp
   62    | Exp . EQ Exp
   63    | Exp . PLUS Exp
   64    | Exp . MINUS Exp
   65    | Exp . MUL Exp
   66    | Exp . DIV Exp
   67    | Exp . UNKNOW Exp
   76    | Exp . LB Exp RB
   77    | Exp . DOT ID

    error   shift, and go to state 136
    DOT     shift, and go to state 85
    ASSIGN  shift, and go to state 87
    LT      shift, and go to state 88
    LE      shift, and go to state 89
    GT      shift, and go to state 90
    GE      shift, and go to state 91
    NE      shift, and go to state 92
    EQ      shift, and go to state 93
    PLUS    shift, and go to state 94
    MINUS   shift, and go to state 95
    MUL     shift, and go to state 96
    DIV     shift, and go to state 97
    AND     shift, and go to state 98
    OR      shift, and go to state 99
    RP      shift, and go to state 137
    LB      shift, and go to state 100
    UNKNOW  shift, and go to state 101


State 111

   39 Stmt: WHILE LP Exp . RP Stmt
   40     | WHILE LP Exp . error Stmt
   54 Exp: Exp . ASSIGN Exp
   55    | Exp . AND Exp
   56    | Exp . OR Exp
   57    | Exp . LT Exp
   58    | Exp . LE Exp
   59    | Exp . GT Exp
   60    | Exp . GE Exp
   61    | Exp . NE Exp
   62    | Exp . EQ Exp
   63    | Exp . PLUS Exp
   64    | Exp . MINUS Exp
   65    | Exp . MUL Exp
   66    | Exp . DIV Exp
   67    | Exp . UNKNOW Exp
   76    | Exp . LB Exp RB
   77    | Exp . DOT ID

    error   shift, and go to state 138
    DOT     shift, and go to state 85
    ASSIGN  shift, and go to state 87
    LT      shift, and go to state 88
    LE      shift, and go to state 89
    GT      shift, and go to state 90
    GE      shift, and go to state 91
    NE      shift, and go to state 92
    EQ      shift, and go to state 93
    PLUS    shift, and go to state 94
    MINUS   shift, and go to state 95
    MUL     shift, and go to state 96
    DIV     shift, and go to state 97
    AND     shift, and go to state 98
    OR      shift, and go to state 99
    RP      shift, and go to state 139
    LB      shift, and go to state 100
    UNKNOW  shift, and go to state 101


State 112

   34 Stmt: RETURN Exp error .

    $default  reduce using rule 34 (Stmt)


State 113

   33 Stmt: RETURN Exp SEMI .

    $default  reduce using rule 33 (Stmt)


State 114

   41 Stmt: FOR LP Def . Exp SEMI Exp RP Stmt
   42     | FOR LP Def . Exp error Exp RP Stmt
   43     | FOR LP Def . Exp error Exp error Stmt
   44     | FOR LP Def . Exp SEMI Exp error Stmt

    INT     shift, and go to state 48
    FLOAT   shift, and go to state 49
    CHAR    shift, and go to state 50
    ID      shift, and go to state 51
    MINUS   shift, and go to state 56
    NOT     shift, and go to state 57
    LP      shift, and go to state 58
    UNKNOW  shift, and go to state 59

    Exp  go to state 140


State 115

   69 Exp: LP Exp error .

    $default  reduce using rule 69 (Exp)


State 116

   68 Exp: LP Exp RP .

    $default  reduce using rule 68 (Exp)


State 117

   77 Exp: Exp DOT ID .

    $default  reduce using rule 77 (Exp)


State 118

   54 Exp: Exp . ASSIGN Exp
   54    | Exp ASSIGN Exp .
   55    | Exp . AND Exp
   56    | Exp . OR Exp
   57    | Exp . LT Exp
   58    | Exp . LE Exp
   59    | Exp . GT Exp
   60    | Exp . GE Exp
   61    | Exp . NE Exp
   62    | Exp . EQ Exp
   63    | Exp . PLUS Exp
   64    | Exp . MINUS Exp
   65    | Exp . MUL Exp
   66    | Exp . DIV Exp
   67    | Exp . UNKNOW Exp
   76    | Exp . LB Exp RB
   77    | Exp . DOT ID

    DOT     shift, and go to state 85
    ASSIGN  shift, and go to state 87
    LT      shift, and go to state 88
    LE      shift, and go to state 89
    GT      shift, and go to state 90
    GE      shift, and go to state 91
    NE      shift, and go to state 92
    EQ      shift, and go to state 93
    PLUS    shift, and go to state 94
    MINUS   shift, and go to state 95
    MUL     shift, and go to state 96
    DIV     shift, and go to state 97
    AND     shift, and go to state 98
    OR      shift, and go to state 99
    LB      shift, and go to state 100
    UNKNOW  shift, and go to state 101

    $default  reduce using rule 54 (Exp)


State 119

   54 Exp: Exp . ASSIGN Exp
   55    | Exp . AND Exp
   56    | Exp . OR Exp
   57    | Exp . LT Exp
   57    | Exp LT Exp .
   58    | Exp . LE Exp
   59    | Exp . GT Exp
   60    | Exp . GE Exp
   61    | Exp . NE Exp
   62    | Exp . EQ Exp
   63    | Exp . PLUS Exp
   64    | Exp . MINUS Exp
   65    | Exp . MUL Exp
   66    | Exp . DIV Exp
   67    | Exp . UNKNOW Exp
   76    | Exp . LB Exp RB
   77    | Exp . DOT ID

    DOT     shift, and go to state 85
    PLUS    shift, and go to state 94
    MINUS   shift, and go to state 95
    MUL     shift, and go to state 96
    DIV     shift, and go to state 97
    LB      shift, and go to state 100
    UNKNOW  shift, and go to state 101

    $default  reduce using rule 57 (Exp)


State 120

   54 Exp: Exp . ASSIGN Exp
   55    | Exp . AND Exp
   56    | Exp . OR Exp
   57    | Exp . LT Exp
   58    | Exp . LE Exp
   58    | Exp LE Exp .
   59    | Exp . GT Exp
   60    | Exp . GE Exp
   61    | Exp . NE Exp
   62    | Exp . EQ Exp
   63    | Exp . PLUS Exp
   64    | Exp . MINUS Exp
   65    | Exp . MUL Exp
   66    | Exp . DIV Exp
   67    | Exp . UNKNOW Exp
   76    | Exp . LB Exp RB
   77    | Exp . DOT ID

    DOT     shift, and go to state 85
    PLUS    shift, and go to state 94
    MINUS   shift, and go to state 95
    MUL     shift, and go to state 96
    DIV     shift, and go to state 97
    LB      shift, and go to state 100
    UNKNOW  shift, and go to state 101

    $default  reduce using rule 58 (Exp)


State 121

   54 Exp: Exp . ASSIGN Exp
   55    | Exp . AND Exp
   56    | Exp . OR Exp
   57    | Exp . LT Exp
   58    | Exp . LE Exp
   59    | Exp . GT Exp
   59    | Exp GT Exp .
   60    | Exp . GE Exp
   61    | Exp . NE Exp
   62    | Exp . EQ Exp
   63    | Exp . PLUS Exp
   64    | Exp . MINUS Exp
   65    | Exp . MUL Exp
   66    | Exp . DIV Exp
   67    | Exp . UNKNOW Exp
   76    | Exp . LB Exp RB
   77    | Exp . DOT ID

    DOT     shift, and go to state 85
    PLUS    shift, and go to state 94
    MINUS   shift, and go to state 95
    MUL     shift, and go to state 96
    DIV     shift, and go to state 97
    LB      shift, and go to state 100
    UNKNOW  shift, and go to state 101

    $default  reduce using rule 59 (Exp)


State 122

   54 Exp: Exp . ASSIGN Exp
   55    | Exp . AND Exp
   56    | Exp . OR Exp
   57    | Exp . LT Exp
   58    | Exp . LE Exp
   59    | Exp . GT Exp
   60    | Exp . GE Exp
   60    | Exp GE Exp .
   61    | Exp . NE Exp
   62    | Exp . EQ Exp
   63    | Exp . PLUS Exp
   64    | Exp . MINUS Exp
   65    | Exp . MUL Exp
   66    | Exp . DIV Exp
   67    | Exp . UNKNOW Exp
   76    | Exp . LB Exp RB
   77    | Exp . DOT ID

    DOT     shift, and go to state 85
    PLUS    shift, and go to state 94
    MINUS   shift, and go to state 95
    MUL     shift, and go to state 96
    DIV     shift, and go to state 97
    LB      shift, and go to state 100
    UNKNOW  shift, and go to state 101

    $default  reduce using rule 60 (Exp)


State 123

   54 Exp: Exp . ASSIGN Exp
   55    | Exp . AND Exp
   56    | Exp . OR Exp
   57    | Exp . LT Exp
   58    | Exp . LE Exp
   59    | Exp . GT Exp
   60    | Exp . GE Exp
   61    | Exp . NE Exp
   61    | Exp NE Exp .
   62    | Exp . EQ Exp
   63    | Exp . PLUS Exp
   64    | Exp . MINUS Exp
   65    | Exp . MUL Exp
   66    | Exp . DIV Exp
   67    | Exp . UNKNOW Exp
   76    | Exp . LB Exp RB
   77    | Exp . DOT ID

    DOT     shift, and go to state 85
    PLUS    shift, and go to state 94
    MINUS   shift, and go to state 95
    MUL     shift, and go to state 96
    DIV     shift, and go to state 97
    LB      shift, and go to state 100
    UNKNOW  shift, and go to state 101

    $default  reduce using rule 61 (Exp)


State 124

   54 Exp: Exp . ASSIGN Exp
   55    | Exp . AND Exp
   56    | Exp . OR Exp
   57    | Exp . LT Exp
   58    | Exp . LE Exp
   59    | Exp . GT Exp
   60    | Exp . GE Exp
   61    | Exp . NE Exp
   62    | Exp . EQ Exp
   62    | Exp EQ Exp .
   63    | Exp . PLUS Exp
   64    | Exp . MINUS Exp
   65    | Exp . MUL Exp
   66    | Exp . DIV Exp
   67    | Exp . UNKNOW Exp
   76    | Exp . LB Exp RB
   77    | Exp . DOT ID

    DOT     shift, and go to state 85
    PLUS    shift, and go to state 94
    MINUS   shift, and go to state 95
    MUL     shift, and go to state 96
    DIV     shift, and go to state 97
    LB      shift, and go to state 100
    UNKNOW  shift, and go to state 101

    $default  reduce using rule 62 (Exp)


State 125

   54 Exp: Exp . ASSIGN Exp
   55    | Exp . AND Exp
   56    | Exp . OR Exp
   57    | Exp . LT Exp
   58    | Exp . LE Exp
   59    | Exp . GT Exp
   60    | Exp . GE Exp
   61    | Exp . NE Exp
   62    | Exp . EQ Exp
   63    | Exp . PLUS Exp
   63    | Exp PLUS Exp .
   64    | Exp . MINUS Exp
   65    | Exp . MUL Exp
   66    | Exp . DIV Exp
   67    | Exp . UNKNOW Exp
   76    | Exp . LB Exp RB
   77    | Exp . DOT ID

    DOT     shift, and go to state 85
    MUL     shift, and go to state 96
    DIV     shift, and go to state 97
    LB      shift, and go to state 100
    UNKNOW  shift, and go to state 101

    $default  reduce using rule 63 (Exp)


State 126

   54 Exp: Exp . ASSIGN Exp
   55    | Exp . AND Exp
   56    | Exp . OR Exp
   57    | Exp . LT Exp
   58    | Exp . LE Exp
   59    | Exp . GT Exp
   60    | Exp . GE Exp
   61    | Exp . NE Exp
   62    | Exp . EQ Exp
   63    | Exp . PLUS Exp
   64    | Exp . MINUS Exp
   64    | Exp MINUS Exp .
   65    | Exp . MUL Exp
   66    | Exp . DIV Exp
   67    | Exp . UNKNOW Exp
   76    | Exp . LB Exp RB
   77    | Exp . DOT ID

    DOT     shift, and go to state 85
    MUL     shift, and go to state 96
    DIV     shift, and go to state 97
    LB      shift, and go to state 100
    UNKNOW  shift, and go to state 101

    $default  reduce using rule 64 (Exp)


State 127

   54 Exp: Exp . ASSIGN Exp
   55    | Exp . AND Exp
   56    | Exp . OR Exp
   57    | Exp . LT Exp
   58    | Exp . LE Exp
   59    | Exp . GT Exp
   60    | Exp . GE Exp
   61    | Exp . NE Exp
   62    | Exp . EQ Exp
   63    | Exp . PLUS Exp
   64    | Exp . MINUS Exp
   65    | Exp . MUL Exp
   65    | Exp MUL Exp .
   66    | Exp . DIV Exp
   67    | Exp . UNKNOW Exp
   76    | Exp . LB Exp RB
   77    | Exp . DOT ID

    DOT     shift, and go to state 85
    LB      shift, and go to state 100
    UNKNOW  shift, and go to state 101

    $default  reduce using rule 65 (Exp)


State 128

   54 Exp: Exp . ASSIGN Exp
   55    | Exp . AND Exp
   56    | Exp . OR Exp
   57    | Exp . LT Exp
   58    | Exp . LE Exp
   59    | Exp . GT Exp
   60    | Exp . GE Exp
   61    | Exp . NE Exp
   62    | Exp . EQ Exp
   63    | Exp . PLUS Exp
   64    | Exp . MINUS Exp
   65    | Exp . MUL Exp
   66    | Exp . DIV Exp
   66    | Exp DIV Exp .
   67    | Exp . UNKNOW Exp
   76    | Exp . LB Exp RB
   77    | Exp . DOT ID

    DOT     shift, and go to state 85
    LB      shift, and go to state 100
    UNKNOW  shift, and go to state 101

    $default  reduce using rule 66 (Exp)


State 129

   54 Exp: Exp . ASSIGN Exp
   55    | Exp . AND Exp
   55    | Exp AND Exp .
   56    | Exp . OR Exp
   57    | Exp . LT Exp
   58    | Exp . LE Exp
   59    | Exp . GT Exp
   60    | Exp . GE Exp
   61    | Exp . NE Exp
   62    | Exp . EQ Exp
   63    | Exp . PLUS Exp
   64    | Exp . MINUS Exp
   65    | Exp . MUL Exp
   66    | Exp . DIV Exp
   67    | Exp . UNKNOW Exp
   76    | Exp . LB Exp RB
   77    | Exp . DOT ID

    DOT     shift, and go to state 85
    LT      shift, and go to state 88
    LE      shift, and go to state 89
    GT      shift, and go to state 90
    GE      shift, and go to state 91
    NE      shift, and go to state 92
    EQ      shift, and go to state 93
    PLUS    shift, and go to state 94
    MINUS   shift, and go to state 95
    MUL     shift, and go to state 96
    DIV     shift, and go to state 97
    LB      shift, and go to state 100
    UNKNOW  shift, and go to state 101

    $default  reduce using rule 55 (Exp)


State 130

   54 Exp: Exp . ASSIGN Exp
   55    | Exp . AND Exp
   56    | Exp . OR Exp
   56    | Exp OR Exp .
   57    | Exp . LT Exp
   58    | Exp . LE Exp
   59    | Exp . GT Exp
   60    | Exp . GE Exp
   61    | Exp . NE Exp
   62    | Exp . EQ Exp
   63    | Exp . PLUS Exp
   64    | Exp . MINUS Exp
   65    | Exp . MUL Exp
   66    | Exp . DIV Exp
   67    | Exp . UNKNOW Exp
   76    | Exp . LB Exp RB
   77    | Exp . DOT ID

    DOT     shift, and go to state 85
    LT      shift, and go to state 88
    LE      shift, and go to state 89
    GT      shift, and go to state 90
    GE      shift, and go to state 91
    NE      shift, and go to state 92
    EQ      shift, and go to state 93
    PLUS    shift, and go to state 94
    MINUS   shift, and go to state 95
    MUL     shift, and go to state 96
    DIV     shift, and go to state 97
    AND     shift, and go to state 98
    LB      shift, and go to state 100
    UNKNOW  shift, and go to state 101

    $default  reduce using rule 56 (Exp)


State 131

   54 Exp: Exp . ASSIGN Exp
   55    | Exp . AND Exp
   56    | Exp . OR Exp
   57    | Exp . LT Exp
   58    | Exp . LE Exp
   59    | Exp . GT Exp
   60    | Exp . GE Exp
   61    | Exp . NE Exp
   62    | Exp . EQ Exp
   63    | Exp . PLUS Exp
   64    | Exp . MINUS Exp
   65    | Exp . MUL Exp
   66    | Exp . DIV Exp
   67    | Exp . UNKNOW Exp
   76    | Exp . LB Exp RB
   76    | Exp LB Exp . RB
   77    | Exp . DOT ID

    DOT     shift, and go to state 85
    ASSIGN  shift, and go to state 87
    LT      shift, and go to state 88
    LE      shift, and go to state 89
    GT      shift, and go to state 90
    GE      shift, and go to state 91
    NE      shift, and go to state 92
    EQ      shift, and go to state 93
    PLUS    shift, and go to state 94
    MINUS   shift, and go to state 95
    MUL     shift, and go to state 96
    DIV     shift, and go to state 97
    AND     shift, and go to state 98
    OR      shift, and go to state 99
    LB      shift, and go to state 100
    RB      shift, and go to state 141
    UNKNOW  shift, and go to state 101


State 132

   54 Exp: Exp . ASSIGN Exp
   55    | Exp . AND Exp
   56    | Exp . OR Exp
   57    | Exp . LT Exp
   58    | Exp . LE Exp
   59    | Exp . GT Exp
   60    | Exp . GE Exp
   61    | Exp . NE Exp
   62    | Exp . EQ Exp
   63    | Exp . PLUS Exp
   64    | Exp . MINUS Exp
   65    | Exp . MUL Exp
   66    | Exp . DIV Exp
   67    | Exp . UNKNOW Exp
   67    | Exp UNKNOW Exp .
   76    | Exp . LB Exp RB
   77    | Exp . DOT ID

    UNKNOW  error (nonassociative)

    $default  reduce using rule 67 (Exp)


State 133

   83 Args: Exp COMMA . Args

    INT     shift, and go to state 48
    FLOAT   shift, and go to state 49
    CHAR    shift, and go to state 50
    ID      shift, and go to state 51
    MINUS   shift, and go to state 56
    NOT     shift, and go to state 57
    LP      shift, and go to state 58
    UNKNOW  shift, and go to state 59

    Exp   go to state 108
    Args  go to state 142


State 134

   73 Exp: ID LP Args error .

    $default  reduce using rule 73 (Exp)


State 135

   72 Exp: ID LP Args RP .

    $default  reduce using rule 72 (Exp)


State 136

   36 Stmt: IF LP Exp error . Stmt
   38     | IF LP Exp error . Stmt ELSE Stmt

    INT     shift, and go to state 48
    FLOAT   shift, and go to state 49
    CHAR    shift, and go to state 50
    ID      shift, and go to state 51
    IF      shift, and go to state 52
    WHILE   shift, and go to state 53
    RETURN  shift, and go to state 54
    FOR     shift, and go to state 55
    MINUS   shift, and go to state 56
    NOT     shift, and go to state 57
    LP      shift, and go to state 58
    LC      shift, and go to state 24
    UNKNOW  shift, and go to state 59

    CompSt  go to state 60
    Stmt    go to state 143
    Exp     go to state 63


State 137

   35 Stmt: IF LP Exp RP . Stmt
   37     | IF LP Exp RP . Stmt ELSE Stmt

    INT     shift, and go to state 48
    FLOAT   shift, and go to state 49
    CHAR    shift, and go to state 50
    ID      shift, and go to state 51
    IF      shift, and go to state 52
    WHILE   shift, and go to state 53
    RETURN  shift, and go to state 54
    FOR     shift, and go to state 55
    MINUS   shift, and go to state 56
    NOT     shift, and go to state 57
    LP      shift, and go to state 58
    LC      shift, and go to state 24
    UNKNOW  shift, and go to state 59

    CompSt  go to state 60
    Stmt    go to state 144
    Exp     go to state 63


State 138

   40 Stmt: WHILE LP Exp error . Stmt

    INT     shift, and go to state 48
    FLOAT   shift, and go to state 49
    CHAR    shift, and go to state 50
    ID      shift, and go to state 51
    IF      shift, and go to state 52
    WHILE   shift, and go to state 53
    RETURN  shift, and go to state 54
    FOR     shift, and go to state 55
    MINUS   shift, and go to state 56
    NOT     shift, and go to state 57
    LP      shift, and go to state 58
    LC      shift, and go to state 24
    UNKNOW  shift, and go to state 59

    CompSt  go to state 60
    Stmt    go to state 145
    Exp     go to state 63


State 139

   39 Stmt: WHILE LP Exp RP . Stmt

    INT     shift, and go to state 48
    FLOAT   shift, and go to state 49
    CHAR    shift, and go to state 50
    ID      shift, and go to state 51
    IF      shift, and go to state 52
    WHILE   shift, and go to state 53
    RETURN  shift, and go to state 54
    FOR     shift, and go to state 55
    MINUS   shift, and go to state 56
    NOT     shift, and go to state 57
    LP      shift, and go to state 58
    LC      shift, and go to state 24
    UNKNOW  shift, and go to state 59

    CompSt  go to state 60
    Stmt    go to state 146
    Exp     go to state 63


State 140

   41 Stmt: FOR LP Def Exp . SEMI Exp RP Stmt
   42     | FOR LP Def Exp . error Exp RP Stmt
   43     | FOR LP Def Exp . error Exp error Stmt
   44     | FOR LP Def Exp . SEMI Exp error Stmt
   54 Exp: Exp . ASSIGN Exp
   55    | Exp . AND Exp
   56    | Exp . OR Exp
   57    | Exp . LT Exp
   58    | Exp . LE Exp
   59    | Exp . GT Exp
   60    | Exp . GE Exp
   61    | Exp . NE Exp
   62    | Exp . EQ Exp
   63    | Exp . PLUS Exp
   64    | Exp . MINUS Exp
   65    | Exp . MUL Exp
   66    | Exp . DIV Exp
   67    | Exp . UNKNOW Exp
   76    | Exp . LB Exp RB
   77    | Exp . DOT ID

    error   shift, and go to state 147
    DOT     shift, and go to state 85
    SEMI    shift, and go to state 148
    ASSIGN  shift, and go to state 87
    LT      shift, and go to state 88
    LE      shift, and go to state 89
    GT      shift, and go to state 90
    GE      shift, and go to state 91
    NE      shift, and go to state 92
    EQ      shift, and go to state 93
    PLUS    shift, and go to state 94
    MINUS   shift, and go to state 95
    MUL     shift, and go to state 96
    DIV     shift, and go to state 97
    AND     shift, and go to state 98
    OR      shift, and go to state 99
    LB      shift, and go to state 100
    UNKNOW  shift, and go to state 101


State 141

   76 Exp: Exp LB Exp RB .

    $default  reduce using rule 76 (Exp)


State 142

   83 Args: Exp COMMA Args .

    $default  reduce using rule 83 (Args)


State 143

   36 Stmt: IF LP Exp error Stmt .
   38     | IF LP Exp error Stmt . ELSE Stmt

    ELSE  shift, and go to state 149

    $default  reduce using rule 36 (Stmt)


State 144

   35 Stmt: IF LP Exp RP Stmt .
   37     | IF LP Exp RP Stmt . ELSE Stmt

    ELSE  shift, and go to state 150

    $default  reduce using rule 35 (Stmt)


State 145

   40 Stmt: WHILE LP Exp error Stmt .

    $default  reduce using rule 40 (Stmt)


State 146

   39 Stmt: WHILE LP Exp RP Stmt .

    $default  reduce using rule 39 (Stmt)


State 147

   42 Stmt: FOR LP Def Exp error . Exp RP Stmt
   43     | FOR LP Def Exp error . Exp error Stmt

    INT     shift, and go to state 48
    FLOAT   shift, and go to state 49
    CHAR    shift, and go to state 50
    ID      shift, and go to state 51
    MINUS   shift, and go to state 56
    NOT     shift, and go to state 57
    LP      shift, and go to state 58
    UNKNOW  shift, and go to state 59

    Exp  go to state 151


State 148

   41 Stmt: FOR LP Def Exp SEMI . Exp RP Stmt
   44     | FOR LP Def Exp SEMI . Exp error Stmt

    INT     shift, and go to state 48
    FLOAT   shift, and go to state 49
    CHAR    shift, and go to state 50
    ID      shift, and go to state 51
    MINUS   shift, and go to state 56
    NOT     shift, and go to state 57
    LP      shift, and go to state 58
    UNKNOW  shift, and go to state 59

    Exp  go to state 152


State 149

   38 Stmt: IF LP Exp error Stmt ELSE . Stmt

    INT     shift, and go to state 48
    FLOAT   shift, and go to state 49
    CHAR    shift, and go to state 50
    ID      shift, and go to state 51
    IF      shift, and go to state 52
    WHILE   shift, and go to state 53
    RETURN  shift, and go to state 54
    FOR     shift, and go to state 55
    MINUS   shift, and go to state 56
    NOT     shift, and go to state 57
    LP      shift, and go to state 58
    LC      shift, and go to state 24
    UNKNOW  shift, and go to state 59

    CompSt  go to state 60
    Stmt    go to state 153
    Exp     go to state 63


State 150

   37 Stmt: IF LP Exp RP Stmt ELSE . Stmt

    INT     shift, and go to state 48
    FLOAT   shift, and go to state 49
    CHAR    shift, and go to state 50
    ID      shift, and go to state 51
    IF      shift, and go to state 52
    WHILE   shift, and go to state 53
    RETURN  shift, and go to state 54
    FOR     shift, and go to state 55
    MINUS   shift, and go to state 56
    NOT     shift, and go to state 57
    LP      shift, and go to state 58
    LC      shift, and go to state 24
    UNKNOW  shift, and go to state 59

    CompSt  go to state 60
    Stmt    go to state 154
    Exp     go to state 63


State 151

   42 Stmt: FOR LP Def Exp error Exp . RP Stmt
   43     | FOR LP Def Exp error Exp . error Stmt
   54 Exp: Exp . ASSIGN Exp
   55    | Exp . AND Exp
   56    | Exp . OR Exp
   57    | Exp . LT Exp
   58    | Exp . LE Exp
   59    | Exp . GT Exp
   60    | Exp . GE Exp
   61    | Exp . NE Exp
   62    | Exp . EQ Exp
   63    | Exp . PLUS Exp
   64    | Exp . MINUS Exp
   65    | Exp . MUL Exp
   66    | Exp . DIV Exp
   67    | Exp . UNKNOW Exp
   76    | Exp . LB Exp RB
   77    | Exp . DOT ID

    error   shift, and go to state 155
    DOT     shift, and go to state 85
    ASSIGN  shift, and go to state 87
    LT      shift, and go to state 88
    LE      shift, and go to state 89
    GT      shift, and go to state 90
    GE      shift, and go to state 91
    NE      shift, and go to state 92
    EQ      shift, and go to state 93
    PLUS    shift, and go to state 94
    MINUS   shift, and go to state 95
    MUL     shift, and go to state 96
    DIV     shift, and go to state 97
    AND     shift, and go to state 98
    OR      shift, and go to state 99
    RP      shift, and go to state 156
    LB      shift, and go to state 100
    UNKNOW  shift, and go to state 101


State 152

   41 Stmt: FOR LP Def Exp SEMI Exp . RP Stmt
   44     | FOR LP Def Exp SEMI Exp . error Stmt
   54 Exp: Exp . ASSIGN Exp
   55    | Exp . AND Exp
   56    | Exp . OR Exp
   57    | Exp . LT Exp
   58    | Exp . LE Exp
   59    | Exp . GT Exp
   60    | Exp . GE Exp
   61    | Exp . NE Exp
   62    | Exp . EQ Exp
   63    | Exp . PLUS Exp
   64    | Exp . MINUS Exp
   65    | Exp . MUL Exp
   66    | Exp . DIV Exp
   67    | Exp . UNKNOW Exp
   76    | Exp . LB Exp RB
   77    | Exp . DOT ID

    error   shift, and go to state 157
    DOT     shift, and go to state 85
    ASSIGN  shift, and go to state 87
    LT      shift, and go to state 88
    LE      shift, and go to state 89
    GT      shift, and go to state 90
    GE      shift, and go to state 91
    NE      shift, and go to state 92
    EQ      shift, and go to state 93
    PLUS    shift, and go to state 94
    MINUS   shift, and go to state 95
    MUL     shift, and go to state 96
    DIV     shift, and go to state 97
    AND     shift, and go to state 98
    OR      shift, and go to state 99
    RP      shift, and go to state 158
    LB      shift, and go to state 100
    UNKNOW  shift, and go to state 101


State 153

   38 Stmt: IF LP Exp error Stmt ELSE Stmt .

    $default  reduce using rule 38 (Stmt)


State 154

   37 Stmt: IF LP Exp RP Stmt ELSE Stmt .

    $default  reduce using rule 37 (Stmt)


State 155

   43 Stmt: FOR LP Def Exp error Exp error . Stmt

    INT     shift, and go to state 48
    FLOAT   shift, and go to state 49
    CHAR    shift, and go to state 50
    ID      shift, and go to state 51
    IF      shift, and go to state 52
    WHILE   shift, and go to state 53
    RETURN  shift, and go to state 54
    FOR     shift, and go to state 55
    MINUS   shift, and go to state 56
    NOT     shift, and go to state 57
    LP      shift, and go to state 58
    LC      shift, and go to state 24
    UNKNOW  shift, and go to state 59

    CompSt  go to state 60
    Stmt    go to state 159
    Exp     go to state 63


State 156

   42 Stmt: FOR LP Def Exp error Exp RP . Stmt

    INT     shift, and go to state 48
    FLOAT   shift, and go to state 49
    CHAR    shift, and go to state 50
    ID      shift, and go to state 51
    IF      shift, and go to state 52
    WHILE   shift, and go to state 53
    RETURN  shift, and go to state 54
    FOR     shift, and go to state 55
    MINUS   shift, and go to state 56
    NOT     shift, and go to state 57
    LP      shift, and go to state 58
    LC      shift, and go to state 24
    UNKNOW  shift, and go to state 59

    CompSt  go to state 60
    Stmt    go to state 160
    Exp     go to state 63


State 157

   44 Stmt: FOR LP Def Exp SEMI Exp error . Stmt

    INT     shift, and go to state 48
    FLOAT   shift, and go to state 49
    CHAR    shift, and go to state 50
    ID      shift, and go to state 51
    IF      shift, and go to state 52
    WHILE   shift, and go to state 53
    RETURN  shift, and go to state 54
    FOR     shift, and go to state 55
    MINUS   shift, and go to state 56
    NOT     shift, and go to state 57
    LP      shift, and go to state 58
    LC      shift, and go to state 24
    UNKNOW  shift, and go to state 59

    CompSt  go to state 60
    Stmt    go to state 161
    Exp     go to state 63


State 158

   41 Stmt: FOR LP Def Exp SEMI Exp RP . Stmt

    INT     shift, and go to state 48
    FLOAT   shift, and go to state 49
    CHAR    shift, and go to state 50
    ID      shift, and go to state 51
    IF      shift, and go to state 52
    WHILE   shift, and go to state 53
    RETURN  shift, and go to state 54
    FOR     shift, and go to state 55
    MINUS   shift, and go to state 56
    NOT     shift, and go to state 57
    LP      shift, and go to state 58
    LC      shift, and go to state 24
    UNKNOW  shift, and go to state 59

    CompSt  go to state 60
    Stmt    go to state 162
    Exp     go to state 63


State 159

   43 Stmt: FOR LP Def Exp error Exp error Stmt .

    $default  reduce using rule 43 (Stmt)


State 160

   42 Stmt: FOR LP Def Exp error Exp RP Stmt .

    $default  reduce using rule 42 (Stmt)


State 161

   44 Stmt: FOR LP Def Exp SEMI Exp error Stmt .

    $default  reduce using rule 44 (Stmt)


State 162

   41 Stmt: FOR LP Def Exp SEMI Exp RP Stmt .

    $default  reduce using rule 41 (Stmt)
